<?xml version="1.0" encoding="UTF-8"?>
<!-- Generated by org.testng.reporters.JUnitReportReporter -->
<testsuite hostname="DESKTOP-6RCPDA2" failures="0" tests="1" name="testNGexamples.day1TestNG" time="0.008" errors="0" timestamp="2020-05-01T20:44:26 IST" skipped="0">
  <testcase classname="testNGexamples.day1TestNG" name="testcase" time="0.008"/>
  <system-out/>
</testsuite> <!-- testNGexamples.day1TestNG -->
