<?xml version="1.0" encoding="UTF-8"?>
<!-- Generated by org.testng.reporters.JUnitReportReporter -->
<testsuite hostname="DESKTOP-6RCPDA2" failures="0" tests="2" name="com.hospitality.testcases.SearchFlightTest" time="24.203" errors="0" timestamp="2020-06-09T22:24:12 IST" skipped="1">
  <testcase classname="com.hospitality.testcases.SearchFlightTest" name="flightSearching_roundTrip" time="24.203"/>
  <system-out>
round trip flight search test case is started Round Trip flight search test case is completed  </system-out>
  <testcase classname="com.hospitality.testcases.SearchFlightTest" name="flightSearching">
    <skipped/>
  </testcase> <!-- flightSearching -->
  <system-out/>
</testsuite> <!-- com.hospitality.testcases.SearchFlightTest -->
