<?xml version="1.0" encoding="UTF-8"?>
<!-- Generated by org.testng.reporters.JUnitReportReporter -->
<testsuite hostname="DESKTOP-6RCPDA2" failures="0" tests="2" name="com.hospitality.testcases.LoginTest" time="5.618" errors="0" timestamp="2020-06-10T16:55:46 IST" skipped="1">
  <testcase classname="com.hospitality.testcases.LoginTest" name="loginToClearTrip" time="5.618"/>
  <system-out>
login is successful  </system-out>
  <testcase classname="com.hospitality.testcases.LoginTest" name="loginApp1">
    <skipped/>
  </testcase> <!-- loginApp1 -->
  <system-out/>
</testsuite> <!-- com.hospitality.testcases.LoginTest -->
